<?xml version="1.0" encoding="UTF-8"?>
<!-- Generated by org.testng.reporters.JUnitReportReporter -->
<testsuite hostname="Yoshuas-MacBook-Pro.local" failures="0" tests="1" name="jaklabs.qaautomation2022.assignment2.WebTestUsingBasedWebTest" time="3.024" errors="0" timestamp="2023-02-09T11:45:48 WIB" skipped="0">
  <testcase classname="jaklabs.qaautomation2022.assignment2.WebTestUsingBasedWebTest" name="testFinishTransaction" time="3.024"/>
  <system-out/>
</testsuite> <!-- jaklabs.qaautomation2022.assignment2.WebTestUsingBasedWebTest -->
