<?xml version="1.0" encoding="UTF-8"?>
<!-- Generated by org.testng.reporters.JUnitReportReporter -->
<testsuite hostname="Yoshuas-MacBook-Pro.local" failures="0" tests="4" name="qaautomation.december2022.WebTestUsingBasedWebTest" time="6.783" errors="0" timestamp="2023-02-04T18:43:37 WIB" skipped="0">
  <testcase classname="qaautomation.december2022.WebTestUsingBasedWebTest" name="testSuccessLogin" time="2.248"/>
  <system-out/>
  <testcase classname="qaautomation.december2022.WebTestUsingBasedWebTest" name="testFailedLoginWithoutUsername" time="1.427"/>
  <system-out/>
  <testcase classname="qaautomation.december2022.WebTestUsingBasedWebTest" name="testFailedLogin" time="1.548"/>
  <system-out/>
  <testcase classname="qaautomation.december2022.WebTestUsingBasedWebTest" name="testFailedLoginWithoutPassword" time="1.560"/>
  <system-out/>
</testsuite> <!-- qaautomation.december2022.WebTestUsingBasedWebTest -->
