<?xml version="1.0" encoding="UTF-8"?>
<!-- Generated by org.testng.reporters.JUnitReportReporter -->
<testsuite hostname="Yoshuas-MacBook-Pro.local" failures="0" tests="1" name="jaklabs.qaautomation2022.assignment2.WebTestUsingBasedWebTest" time="7.452" errors="0" timestamp="2023-02-09T11:46:07 WIB" skipped="0">
  <testcase classname="jaklabs.qaautomation2022.assignment2.WebTestUsingBasedWebTest" name="testSwitchIframe" time="7.452"/>
  <system-out/>
</testsuite> <!-- jaklabs.qaautomation2022.assignment2.WebTestUsingBasedWebTest -->
