<?xml version="1.0" encoding="UTF-8"?>
<!-- Generated by org.testng.reporters.JUnitReportReporter -->
<testsuite hostname="ilham-MacBook-Pro.local" failures="0" tests="1" name="qaautomation.december2022.WebTestUsingThreadLocalParalelUsingPageFactory" time="21.185" errors="0" timestamp="2022-12-18T11:17:26 WIB" skipped="0">
  <testcase classname="qaautomation.december2022.WebTestUsingThreadLocalParalelUsingPageFactory" name="testSuccessLogin" time="21.185"/>
  <system-out/>
</testsuite> <!-- qaautomation.december2022.WebTestUsingThreadLocalParalelUsingPageFactory -->
