<?xml version="1.0" encoding="UTF-8"?>
<!-- Generated by org.testng.reporters.JUnitReportReporter -->
<testsuite hostname="ilham-MacBook-Pro.local" failures="0" tests="1" name="qaautomation.december2022.WebTestUsingBeforeAfter" time="20.113" errors="0" timestamp="2022-12-18T08:35:11 WIB" skipped="0">
  <testcase classname="qaautomation.december2022.WebTestUsingBeforeAfter" name="testSuccessLogin" time="20.113"/>
  <system-out/>
</testsuite> <!-- qaautomation.december2022.WebTestUsingBeforeAfter -->
