<?xml version="1.0" encoding="UTF-8"?>
<!-- Generated by org.testng.reporters.JUnitReportReporter -->
<testsuite hostname="Yoshuas-MacBook-Pro.local" failures="0" tests="1" name="qaautomation.december2022.api.APITest" time="4.162" errors="0" timestamp="2023-02-12T11:57:39 WIB" skipped="0">
  <testcase classname="qaautomation.december2022.api.APITest" name="signUp" time="4.162"/>
  <system-out/>
</testsuite> <!-- qaautomation.december2022.api.APITest -->
