<?xml version="1.0" encoding="UTF-8"?>
<!-- Generated by org.testng.reporters.JUnitReportReporter -->
<testsuite hostname="ilham-MacBook-Pro.local" failures="0" tests="3" name="qaautomation.december2022.WebTestUsingBaseWebTest" time="48.325" errors="0" timestamp="2022-12-18T06:20:54 WIB" skipped="0">
  <testcase classname="qaautomation.december2022.WebTestUsingBaseWebTest" name="testWrongPassword" time="11.501"/>
  <system-out/>
  <testcase classname="qaautomation.december2022.WebTestUsingBaseWebTest" name="testWrongUsername" time="23.192"/>
  <system-out/>
  <testcase classname="qaautomation.december2022.WebTestUsingBaseWebTest" name="testSuccessLogin" time="13.632"/>
  <system-out/>
</testsuite> <!-- qaautomation.december2022.WebTestUsingBaseWebTest -->
