<?xml version="1.0" encoding="UTF-8"?>
<!-- Generated by org.testng.reporters.JUnitReportReporter -->
<testsuite hostname="Yoshuas-MacBook-Pro.local" failures="0" tests="3" name="qaautomation.december2022.WebTest" time="5.296" errors="0" timestamp="2023-02-04T15:15:25 WIB" skipped="0">
  <testcase classname="qaautomation.december2022.WebTest" name="testFailedLogin" time="2.290"/>
  <system-out/>
  <testcase classname="qaautomation.december2022.WebTest" name="testFailedLoginWithoutPassword" time="1.490"/>
  <system-out/>
  <testcase classname="qaautomation.december2022.WebTest" name="testSuccessLogin" time="1.516"/>
  <system-out/>
</testsuite> <!-- qaautomation.december2022.WebTest -->
