<?xml version="1.0" encoding="UTF-8"?>
<!-- Generated by org.testng.reporters.JUnitReportReporter -->
<testsuite hostname="G14" failures="0" tests="1" name="qaautomation.december2022.APITestModular" time="2.930" errors="0" timestamp="2023-01-07T11:22:44 WIB" skipped="0">
  <testcase classname="qaautomation.december2022.APITestModular" name="loginAPIFalseEmail" time="2.930"/>
  <system-out/>
</testsuite> <!-- qaautomation.december2022.APITestModular -->
