<?xml version="1.0" encoding="UTF-8"?>
<!-- Generated by org.testng.reporters.JUnitReportReporter -->
<testsuite hostname="ilham-MacBook-Pro.local" failures="0" tests="1" name="qaautomation.december2022.GraphQLTest" time="3.158" errors="0" timestamp="2022-12-31T10:33:16 WIB" skipped="0">
  <testcase classname="qaautomation.december2022.GraphQLTest" name="getLaunches" time="3.158"/>
  <system-out/>
</testsuite> <!-- qaautomation.december2022.GraphQLTest -->
